<?xml version="1.0" encoding="UTF-8"?>
<!-- Generated by org.testng.reporters.JUnitXMLReporter -->
<testsuite ignored="0" hostname="HLINDLM10LP0498.local" failures="1" tests="2" name="firefox Test" time="11.99" errors="0" timestamp="2023-07-24T13:37:31 IST">
  <testcase classname="day37.ParamTest" name="testLogo" time="0.082"/>
  <testcase classname="day37.ParamTest" name="testHomePageTitle" time="0.011">
    <failure type="java.lang.AssertionError" message="Harappa expected:&amp;lt;Harappa&amp;gt; but was:&amp;lt;Titles are not matched&amp;gt;">
      <![CDATA[java.lang.AssertionError: Harappa expected:<Harappa> but was:<Titles are not matched>
at day37.ParamTest.testHomePageTitle(ParamTest.java:54)
at java.base/java.util.ArrayList.forEach(ArrayList.java:1511)
at java.base/java.util.concurrent.FutureTask.run(FutureTask.java:264)
at java.base/java.util.concurrent.ThreadPoolExecutor.runWorker(ThreadPoolExecutor.java:1136)
at java.base/java.util.concurrent.ThreadPoolExecutor$Worker.run(ThreadPoolExecutor.java:635)
at java.base/java.lang.Thread.run(Thread.java:833)
... Removed 18 stack frames]]>
    </failure>
  </testcase> <!-- testHomePageTitle -->
</testsuite> <!-- firefox Test -->
